Thu Mar 02 17:02:02 MSK 2023: Число x: 5.0
Thu Mar 02 17:02:02 MSK 2023: Число y: 2.0
Thu Mar 02 17:02:02 MSK 2023: Мнимая часть x: 4.0
Thu Mar 02 17:02:02 MSK 2023: Мнимая чать y: 3.0
Thu Mar 02 17:02:02 MSK 2023: Число x: 0.5
Thu Mar 02 17:02:02 MSK 2023: Число y: 8.2
Thu Mar 02 17:02:02 MSK 2023: Разность комплексных чисел: 
Thu Mar 02 17:02:02 MSK 2023: x - 5.0 y - 2.0 a - 4.0b - 3.0
Thu Mar 02 17:02:02 MSK 2023: Комплексное число: 1.0, -1.0i создано.
Thu Mar 02 17:02:02 MSK 2023: Произведение комплексных чисел: 
Thu Mar 02 17:02:02 MSK 2023: Комплексное число: -2.0, 23.0i создано.
Thu Mar 02 17:02:02 MSK 2023: Сумма рациональных чисел: 
Thu Mar 02 17:02:02 MSK 2023: Рациональное число: 8.7 создано.
Thu Mar 02 18:23:25 MSK 2023: Число x: 4.0
Thu Mar 02 18:23:25 MSK 2023: Мнимая часть x: 5.0
Thu Mar 02 18:23:25 MSK 2023: Число y: 4.0
Thu Mar 02 18:23:25 MSK 2023: Мнимая чать y: 1.0
Thu Mar 02 18:23:25 MSK 2023: Разность комплексных чисел: 
Thu Mar 02 18:23:25 MSK 2023: x - 4.0 y - 4.0 a - 5.0b - 1.0
Thu Mar 02 18:23:25 MSK 2023: Комплексное число: -1.0, 3.0i создано.
Thu Mar 02 18:36:19 MSK 2023: Число x: 4.0
Thu Mar 02 18:36:19 MSK 2023: Мнимая часть x: 5.0
Thu Mar 02 18:36:19 MSK 2023: Число y: 7.0
Thu Mar 02 18:36:19 MSK 2023: Мнимая чать y: 1.0
Thu Mar 02 18:36:19 MSK 2023: Сумма комплексных чисел: 
Thu Mar 02 18:36:19 MSK 2023: Комплексное число: 11.0, 6.0i создано.
Thu Mar 02 18:37:11 MSK 2023: Число x: 4.0
Thu Mar 02 18:37:11 MSK 2023: Мнимая часть x: 7.0
Thu Mar 02 18:37:11 MSK 2023: Число y: 2.0
Thu Mar 02 18:37:11 MSK 2023: Мнимая чать y: 5.0
Thu Mar 02 18:37:11 MSK 2023: Разность комплексных чисел: 
Thu Mar 02 18:37:11 MSK 2023: x - 4.0 y - 2.0 a - 7.0b - 5.0
Thu Mar 02 18:37:11 MSK 2023: Комплексное число: 2.0, 2.0i создано.
Thu Mar 02 18:37:53 MSK 2023: Число x: 4.0
Thu Mar 02 18:37:53 MSK 2023: Мнимая часть x: 1.0
Thu Mar 02 18:37:53 MSK 2023: Число y: 4.0
Thu Mar 02 18:37:53 MSK 2023: Мнимая чать y: 2.0
Thu Mar 02 18:37:53 MSK 2023: Сумма комплексных чисел: 
Thu Mar 02 18:37:53 MSK 2023: Комплексное число: 8.0, 3.0i создано.
Thu Mar 02 18:40:30 MSK 2023: Число x: 4.0
Thu Mar 02 18:40:30 MSK 2023: Мнимая часть x: 4.0
Thu Mar 02 18:40:30 MSK 2023: Число y: 2.0
Thu Mar 02 18:40:30 MSK 2023: Мнимая чать y: 5.0
Thu Mar 02 18:40:30 MSK 2023: Сумма комплексных чисел: 
Thu Mar 02 18:40:30 MSK 2023: Комплексное число: 6.0, 9.0i создано.
Thu Mar 02 18:50:26 MSK 2023: Число x: 4.0
Thu Mar 02 18:50:26 MSK 2023: Мнимая часть x: 4.0
Thu Mar 02 18:50:26 MSK 2023: Число y: 2.0
Thu Mar 02 18:50:26 MSK 2023: Мнимая чать y: 4.0
Thu Mar 02 18:50:26 MSK 2023: Сумма комплексных чисел: 
Thu Mar 02 18:50:26 MSK 2023: Комплексное число: 6.0, 8.0i создано.
Thu Mar 02 19:04:36 MSK 2023: Число x: 4.0
Thu Mar 02 19:04:36 MSK 2023: Число y: 5.0
Thu Mar 02 19:04:36 MSK 2023: Разность рациональных чисел: 
Thu Mar 02 19:04:36 MSK 2023: Рациональное число: -1.0 создано.
